\BOOKMARK [0][-]{section*.1}{Indhold}{}% 1
\BOOKMARK [0][-]{chapter.1}{Introduktion}{}% 2
\BOOKMARK [1][-]{section.1.1}{Motivation}{chapter.1}% 3
\BOOKMARK [1][-]{section.1.2}{Problemformulering}{chapter.1}% 4
\BOOKMARK [1][-]{section.1.3}{Projektets\040struktur}{chapter.1}% 5
\BOOKMARK [0][-]{chapter.2}{Baggrund}{}% 6
\BOOKMARK [1][-]{section.2.1}{Læringsteoretisk udgangspunkt}{chapter.2}% 7
\BOOKMARK [1][-]{section.2.2}{Teori}{chapter.2}% 8
\BOOKMARK [1][-]{section.2.3}{Litteratursøgning}{chapter.2}% 9
\BOOKMARK [1][-]{section.2.4}{Temaer\040i\040litteraturen}{chapter.2}% 10
\BOOKMARK [1][-]{section.2.5}{Litteraturreview}{chapter.2}% 11
\BOOKMARK [0][-]{chapter.3}{Empiri}{}% 12
\BOOKMARK [1][-]{section.3.1}{Undersøgelsesdesign}{chapter.3}% 13
\BOOKMARK [1][-]{section.3.2}{Indsamlingsmetoder}{chapter.3}% 14
\BOOKMARK [1][-]{section.3.3}{Diskussion\040af\040empirisk\040design}{chapter.3}% 15
\BOOKMARK [0][-]{chapter.4}{Analyse,\040fortolkning\040og\040resultater}{}% 16
\BOOKMARK [1][-]{section.4.1}{Spørgeskemaet}{chapter.4}% 17
\BOOKMARK [1][-]{section.4.2}{Samtale\040om\040motivation\040for\040skriftlighed}{chapter.4}% 18
\BOOKMARK [1][-]{section.4.3}{Afleveringer}{chapter.4}% 19
\BOOKMARK [0][-]{chapter.5}{Diskussion\040og\040Opsummering}{}% 20
\BOOKMARK [1][-]{section.5.1}{Afsnit\0401}{chapter.5}% 21
\BOOKMARK [0][-]{chapter.6}{Konklusion}{}% 22
\BOOKMARK [1][-]{section.6.1}{Afsnit\0401}{chapter.6}% 23
\BOOKMARK [0][-]{chapter.7}{Perspektivering}{}% 24
\BOOKMARK [1][-]{section.7.1}{Afsnit\0401}{chapter.7}% 25
\BOOKMARK [0][-]{chapter*.10}{Litteratur}{}% 26
\BOOKMARK [0][-]{appendix.A}{Science Writing Heuristic eller at skrive for at lære}{}% 27
\BOOKMARK [1][-]{section.A.1}{Stil spørgsmål}{appendix.A}% 28
\BOOKMARK [1][-]{section.A.2}{Forberedelse af undersøgelse}{appendix.A}% 29
\BOOKMARK [1][-]{section.A.3}{Lav\040forudsigelser}{appendix.A}% 30
\BOOKMARK [1][-]{section.A.4}{Indsamling\040af\040empiri}{appendix.A}% 31
\BOOKMARK [1][-]{section.A.5}{Analyse\040af\040empiri}{appendix.A}% 32
\BOOKMARK [1][-]{section.A.6}{Fortolkning\040af\040evidens}{appendix.A}% 33
\BOOKMARK [1][-]{section.A.7}{Fremstilling af påstande}{appendix.A}% 34
\BOOKMARK [1][-]{section.A.8}{Reflektion over undersøgelsen}{appendix.A}% 35
\BOOKMARK [1][-]{section.A.9}{Noter}{appendix.A}% 36
\BOOKMARK [0][-]{appendix.B}{Nyttevirkning\040af\040elkedel\040og\040kaffemaskine}{}% 37
\BOOKMARK [1][-]{section.B.1}{Formål}{appendix.B}% 38
\BOOKMARK [1][-]{section.B.2}{Teori}{appendix.B}% 39
