This is XeTeX, Version 3.14159265-2.6-0.99999 (MiKTeX 2.9.6630 64-bit) (preloaded format=xelatex 2018.8.21)  27 AUG 2018 14:10
entering extended mode
**./Master-Opgave-assembler.tex
(Master-Opgave-assembler.tex
LaTeX2e <2017-04-15>
Babel <3.18> and hyphenation patterns for 75 language(s) loaded.

("C:\Users\Thomas Mellergaard m\AppData\Local\Programs\MiKTeX 2.9\tex\latex\bas
e\article.cls"
Document Class: article 2014/09/29 v1.4h Standard LaTeX document class

("C:\Users\Thomas Mellergaard m\AppData\Local\Programs\MiKTeX 2.9\tex\latex\bas
e\size10.clo"
File: size10.clo 2014/09/29 v1.4h Standard LaTeX file (size option)
)
\c@part=\count79
\c@section=\count80
\c@subsection=\count81
\c@subsubsection=\count82
\c@paragraph=\count83
\c@subparagraph=\count84
\c@figure=\count85
\c@table=\count86
\abovecaptionskip=\skip41
\belowcaptionskip=\skip42
\bibindent=\dimen102
)

LaTeX Warning: Unused global option(s):
    [openright].

No file Master-Opgave-assembler.aux.
\openout1 = `Master-Opgave-assembler.aux'.

LaTeX Font Info:    Checking defaults for OML/cmm/m/it on input line 9.
LaTeX Font Info:    ... okay on input line 9.
LaTeX Font Info:    Checking defaults for T1/cmr/m/n on input line 9.
LaTeX Font Info:    ... okay on input line 9.
LaTeX Font Info:    Checking defaults for OT1/cmr/m/n on input line 9.
LaTeX Font Info:    ... okay on input line 9.
LaTeX Font Info:    Checking defaults for OMS/cmsy/m/n on input line 9.
LaTeX Font Info:    ... okay on input line 9.
LaTeX Font Info:    Checking defaults for TU/lmr/m/n on input line 9.
LaTeX Font Info:    ... okay on input line 9.
LaTeX Font Info:    Checking defaults for OMX/cmex/m/n on input line 9.
LaTeX Font Info:    ... okay on input line 9.
LaTeX Font Info:    Checking defaults for U/cmr/m/n on input line 9.
LaTeX Font Info:    ... okay on input line 9.
LaTeX Font Info:    External font `cmex10' loaded for size
(Font)              <12> on input line 11.
LaTeX Font Info:    External font `cmex10' loaded for size
(Font)              <8> on input line 11.
LaTeX Font Info:    External font `cmex10' loaded for size
(Font)              <6> on input line 11.
[1

] (Master-Opgave-assembler.aux) ) 
Here is how much of TeX's memory you used:
 228 strings out of 427836
 2624 string characters out of 3145675
 61054 words of memory out of 3000000
 4260 multiletter control sequences out of 15000+200000
 6400 words of font info for 26 fonts, out of 3000000 for 9000
 1328 hyphenation exceptions out of 8191
 22i,6n,21p,133b,187s stack positions out of 5000i,500n,10000p,200000b,50000s

Output written on Master-Opgave-assembler.pdf (1 page).
